16:56:26 **** Build of configuration Debug for project ExtInt ****
make all 
Building file: ../.metadata/.plugins/org.eclipse.cdt.make.core/specs.c
Invoking: AVR Compiler
avr-gcc -Wall -g2 -gstabs -O0 -fpack-struct -fshort-enums -ffunction-sections -fdata-sections -std=gnu99 -funsigned-char -funsigned-bitfields -mmcu=atmega2560 -DF_CPU=16000000UL -MMD -MP -MF".metadata/.plugins/org.eclipse.cdt.make.core/specs.d" -MT".metadata/.plugins/org.eclipse.cdt.make.core/specs.o" -c -o ".metadata/.plugins/org.eclipse.cdt.make.core/specs.o" "../.metadata/.plugins/org.eclipse.cdt.make.core/specs.c"
Finished building: ../.metadata/.plugins/org.eclipse.cdt.make.core/specs.c
 
Building file: ../ExtInt.cpp
Invoking: AVR C++ Compiler
avr-g++ -Wall -g2 -gstabs -O0 -fpack-struct -fshort-enums -ffunction-sections -fdata-sections -funsigned-char -funsigned-bitfields -fno-exceptions -mmcu=atmega2560 -DF_CPU=16000000UL -MMD -MP -MF"ExtInt.d" -MT"ExtInt.o" -c -o "ExtInt.o" "../ExtInt.cpp"
Finished building: ../ExtInt.cpp
 
Building file: ../GPIO.cpp
Invoking: AVR C++ Compiler
avr-g++ -Wall -g2 -gstabs -O0 -fpack-struct -fshort-enums -ffunction-sections -fdata-sections -funsigned-char -funsigned-bitfields -fno-exceptions -mmcu=atmega2560 -DF_CPU=16000000UL -MMD -MP -MF"GPIO.d" -MT"GPIO.o" -c -o "GPIO.o" "../GPIO.cpp"
../GPIO.cpp: In member function ‘bool GPIO::get()’:
../GPIO.cpp:101:1: warning: control reaches end of non-void function [-Wreturn-type]
 }
 ^
Finished building: ../GPIO.cpp
 
Building file: ../UART2.cpp
Invoking: AVR C++ Compiler
avr-g++ -Wall -g2 -gstabs -O0 -fpack-struct -fshort-enums -ffunction-sections -fdata-sections -funsigned-char -funsigned-bitfields -fno-exceptions -mmcu=atmega2560 -DF_CPU=16000000UL -MMD -MP -MF"UART2.d" -MT"UART2.o" -c -o "UART2.o" "../UART2.cpp"
Finished building: ../UART2.cpp
 
Building file: ../main.cpp
Invoking: AVR C++ Compiler
avr-g++ -Wall -g2 -gstabs -O0 -fpack-struct -fshort-enums -ffunction-sections -fdata-sections -funsigned-char -funsigned-bitfields -fno-exceptions -mmcu=atmega2560 -DF_CPU=16000000UL -MMD -MP -MF"main.d" -MT"main.o" -c -o "main.o" "../main.cpp"
In file included from ../main.cpp:5:0:
/usr/lib/avr/include/util/delay.h:95:3: warning: #warning "Compiler optimizations disabled; functions from <util/delay.h> won't work as designed" [-Wcpp]
 # warning "Compiler optimizations disabled; functions from <util/delay.h> won't work as designed"
   ^
Finished building: ../main.cpp
 
Building target: ExtInt.elf
Invoking: AVR C++ Linker
avr-g++ -Wl,-Map,ExtInt.map,--cref -mrelax -Wl,--gc-sections -mmcu=atmega2560 -o "ExtInt.elf"  ./.metadata/.plugins/org.eclipse.cdt.make.core/specs.o  ./ExtInt.o ./GPIO.o ./UART2.o ./main.o   
Finished building target: ExtInt.elf
 
Invoking: AVR Create Extended Listing
avr-objdump -h -S ExtInt.elf  >"ExtInt.lss"
Finished building: ExtInt.lss
 
Create Flash image (ihex format)
avr-objcopy -R .eeprom -R .fuse -R .lock -R .signature -O ihex ExtInt.elf  "ExtInt.hex"
Finished building: ExtInt.hex
 
Invoking: Print Size
avr-size --format=avr --mcu=atmega2560 ExtInt.elf
AVR Memory Usage
----------------
Device: atmega2560

Program:    2862 bytes (1.1% Full)
(.text + .data + .bootloader)

Data:         21 bytes (0.3% Full)
(.data + .bss + .noinit)


Finished building: sizedummy
 

16:56:26 Build Finished (took 728ms)

