13:21:14 **** Build of configuration Debug for project Timeout ****
make all 
Building file: ../GPIO.cpp
Invoking: AVR C++ Compiler
avr-g++ -Wall -g2 -gstabs -O0 -fpack-struct -fshort-enums -ffunction-sections -fdata-sections -funsigned-char -funsigned-bitfields -fno-exceptions -mmcu=atmega2560 -DF_CPU=16000000UL -MMD -MP -MF"GPIO.d" -MT"GPIO.o" -c -o "GPIO.o" "../GPIO.cpp"
Finished building: ../GPIO.cpp
 
Building file: ../GPIO_Port.cpp
Invoking: AVR C++ Compiler
avr-g++ -Wall -g2 -gstabs -O0 -fpack-struct -fshort-enums -ffunction-sections -fdata-sections -funsigned-char -funsigned-bitfields -fno-exceptions -mmcu=atmega2560 -DF_CPU=16000000UL -MMD -MP -MF"GPIO_Port.d" -MT"GPIO_Port.o" -c -o "GPIO_Port.o" "../GPIO_Port.cpp"
Finished building: ../GPIO_Port.cpp
 
Building file: ../Singleton.cpp
Invoking: AVR C++ Compiler
avr-g++ -Wall -g2 -gstabs -O0 -fpack-struct -fshort-enums -ffunction-sections -fdata-sections -funsigned-char -funsigned-bitfields -fno-exceptions -mmcu=atmega2560 -DF_CPU=16000000UL -MMD -MP -MF"Singleton.d" -MT"Singleton.o" -c -o "Singleton.o" "../Singleton.cpp"
Finished building: ../Singleton.cpp
 
Building file: ../Timeout.cpp
Invoking: AVR C++ Compiler
avr-g++ -Wall -g2 -gstabs -O0 -fpack-struct -fshort-enums -ffunction-sections -fdata-sections -funsigned-char -funsigned-bitfields -fno-exceptions -mmcu=atmega2560 -DF_CPU=16000000UL -MMD -MP -MF"Timeout.d" -MT"Timeout.o" -c -o "Timeout.o" "../Timeout.cpp"
Finished building: ../Timeout.cpp
 
Building file: ../Timer.cpp
Invoking: AVR C++ Compiler
avr-g++ -Wall -g2 -gstabs -O0 -fpack-struct -fshort-enums -ffunction-sections -fdata-sections -funsigned-char -funsigned-bitfields -fno-exceptions -mmcu=atmega2560 -DF_CPU=16000000UL -MMD -MP -MF"Timer.d" -MT"Timer.o" -c -o "Timer.o" "../Timer.cpp"
Finished building: ../Timer.cpp
 
Building file: ../main.cpp
Invoking: AVR C++ Compiler
avr-g++ -Wall -g2 -gstabs -O0 -fpack-struct -fshort-enums -ffunction-sections -fdata-sections -funsigned-char -funsigned-bitfields -fno-exceptions -mmcu=atmega2560 -DF_CPU=16000000UL -MMD -MP -MF"main.d" -MT"main.o" -c -o "main.o" "../main.cpp"
Finished building: ../main.cpp
 
Building target: Timeout.elf
Invoking: AVR C++ Linker
avr-g++ -Wl,-Map,Timeout.map,--cref -mrelax -Wl,--gc-sections -mmcu=atmega2560 -o "Timeout.elf"  ./GPIO.o ./GPIO_Port.o ./Singleton.o ./Timeout.o ./Timer.o ./main.o   
Finished building target: Timeout.elf
 
Invoking: AVR Create Extended Listing
avr-objdump -h -S Timeout.elf  >"Timeout.lss"
Finished building: Timeout.lss
 
Create Flash image (ihex format)
avr-objcopy -R .eeprom -R .fuse -R .lock -R .signature -O ihex Timeout.elf  "Timeout.hex"
Finished building: Timeout.hex
 
Invoking: Print Size
avr-size --format=avr --mcu=atmega2560 Timeout.elf
AVR Memory Usage
----------------
Device: atmega2560

Program:    3396 bytes (1.3% Full)
(.text + .data + .bootloader)

Data:        276 bytes (3.4% Full)
(.data + .bss + .noinit)


Finished building: sizedummy
 

13:21:15 Build Finished (took 944ms)

