13:21:17 **** Build of configuration Debug for project UART1 ****
make all 
Building file: ../UART.cpp
Invoking: AVR C++ Compiler
avr-g++ -Wall -g2 -gstabs -O0 -fpack-struct -fshort-enums -ffunction-sections -fdata-sections -funsigned-char -funsigned-bitfields -fno-exceptions -mmcu=atmega2560 -DF_CPU=16000000UL -MMD -MP -MF"UART.d" -MT"UART.o" -c -o "UART.o" "../UART.cpp"
Finished building: ../UART.cpp
 
Building file: ../main.cpp
Invoking: AVR C++ Compiler
avr-g++ -Wall -g2 -gstabs -O0 -fpack-struct -fshort-enums -ffunction-sections -fdata-sections -funsigned-char -funsigned-bitfields -fno-exceptions -mmcu=atmega2560 -DF_CPU=16000000UL -MMD -MP -MF"main.d" -MT"main.o" -c -o "main.o" "../main.cpp"
../main.cpp:7:18: warning: extra tokens at end of #include directive
 #include "UART.h";
                  ^
In file included from ../main.cpp:8:0:
/usr/lib/avr/include/util/delay.h:95:3: warning: #warning "Compiler optimizations disabled; functions from <util/delay.h> won't work as designed" [-Wcpp]
 # warning "Compiler optimizations disabled; functions from <util/delay.h> won't work as designed"
   ^
Finished building: ../main.cpp
 
Building target: UART1.elf
Invoking: AVR C++ Linker
avr-g++ -Wl,-Map,UART1.map,--cref -mrelax -Wl,--gc-sections -mmcu=atmega2560 -o "UART1.elf"  ./UART.o ./main.o   
Finished building target: UART1.elf
 
Invoking: AVR Create Extended Listing
avr-objdump -h -S UART1.elf  >"UART1.lss"
Finished building: UART1.lss
 
Create Flash image (ihex format)
avr-objcopy -R .eeprom -R .fuse -R .lock -R .signature -O ihex UART1.elf  "UART1.hex"
Finished building: UART1.hex
 
Invoking: Print Size
avr-size --format=avr --mcu=atmega2560 UART1.elf
AVR Memory Usage
----------------
Device: atmega2560

Program:    1336 bytes (0.5% Full)
(.text + .data + .bootloader)

Data:          0 bytes (0.0% Full)
(.data + .bss + .noinit)


Finished building: sizedummy
 

13:21:17 Build Finished (took 568ms)

